TN:
SF:/home/matteo/Desktop/Unipd/SWE/WinningSoftwareSolution/contract/contracts/ShopContract.sol
FN:53,constructor
FN:75,getLatestPrice
FN:80,checkUpkeep
FN:84,performUpkeep
FN:106,addPaymentEntry
FN:113,settlePayment
FN:141,unlockFunds
FN:155,cancelPayment
FN:166,getPaymentEntry
FN:171,getSettledPayment
FNF:10
FNH:7
FNDA:3,constructor
FNDA:1,getLatestPrice
FNDA:0,checkUpkeep
FNDA:0,performUpkeep
FNDA:1,addPaymentEntry
FNDA:1,settlePayment
FNDA:1,unlockFunds
FNDA:0,cancelPayment
FNDA:1,getPaymentEntry
FNDA:1,getSettledPayment
DA:55,3
DA:57,3
DA:58,3
DA:60,3
DA:61,3
DA:63,3
DA:64,3
DA:66,3
DA:67,3
DA:76,1
DA:77,1
DA:81,0
DA:85,0
DA:86,0
DA:87,0
DA:88,0
DA:89,0
DA:92,0
DA:94,0
DA:96,0
DA:98,0
DA:101,0
DA:102,0
DA:107,1
DA:108,1
DA:109,1
DA:110,1
DA:115,1
DA:117,1
DA:119,1
DA:121,1
DA:124,1
DA:126,1
DA:127,1
DA:128,1
DA:130,1
DA:132,1
DA:134,1
DA:135,1
DA:137,1
DA:143,1
DA:144,1
DA:146,1
DA:148,1
DA:150,1
DA:152,1
DA:156,0
DA:157,0
DA:159,0
DA:161,0
DA:163,0
DA:167,1
DA:168,1
DA:172,1
DA:173,1
LF:55
LH:38
BRDA:85,1,0,0
BRDA:85,1,1,0
BRDA:88,2,0,0
BRDA:88,2,1,0
BRDA:89,3,0,0
BRDA:89,3,1,0
BRDA:107,4,0,1
BRDA:107,4,1,0
BRDA:115,5,0,1
BRDA:115,5,1,0
BRDA:121,6,0,1
BRDA:121,6,1,0
BRDA:124,7,0,1
BRDA:124,7,1,0
BRDA:143,8,0,1
BRDA:143,8,1,0
BRDA:144,9,0,1
BRDA:144,9,1,0
BRDA:156,10,0,0
BRDA:156,10,1,0
BRDA:157,11,0,0
BRDA:157,11,1,0
BRDA:167,12,0,1
BRDA:167,12,1,0
BRDA:172,13,0,1
BRDA:172,13,1,0
BRF:26
BRH:8
end_of_record
