TN:
SF:/home/matteo/Desktop/Unipd/SWE/WinningSoftwareSolution/contract/contracts/ShopContract.sol
FN:65,constructor
FN:87,getUniswapMaticValueInDAI
FN:97,getSlippageAmount
FN:101,checkUpkeep
FN:105,performUpkeep
FN:128,addPaymentEntry
FN:135,settlePayment
FN:169,unlockFunds
FN:183,cancelPayment
FN:195,getPaymentEntry
FN:200,getSettledPayment
FNF:11
FNH:9
FNDA:3,constructor
FNDA:2,getUniswapMaticValueInDAI
FNDA:8,getSlippageAmount
FNDA:0,checkUpkeep
FNDA:0,performUpkeep
FNDA:1,addPaymentEntry
FNDA:2,settlePayment
FNDA:1,unlockFunds
FNDA:1,cancelPayment
FNDA:1,getPaymentEntry
FNDA:1,getSettledPayment
DA:67,3
DA:68,3
DA:70,3
DA:71,3
DA:73,3
DA:74,3
DA:76,3
DA:77,3
DA:79,3
DA:80,3
DA:82,3
DA:83,3
DA:88,2
DA:89,2
DA:90,2
DA:93,2
DA:94,2
DA:98,8
DA:102,0
DA:106,0
DA:107,0
DA:108,0
DA:109,0
DA:110,0
DA:112,0
DA:114,0
DA:116,0
DA:118,0
DA:120,0
DA:123,0
DA:124,0
DA:129,1
DA:130,1
DA:131,1
DA:132,1
DA:137,2
DA:139,2
DA:140,2
DA:142,2
DA:144,2
DA:146,2
DA:147,2
DA:148,2
DA:150,2
DA:152,2
DA:153,2
DA:156,2
DA:160,2
DA:162,2
DA:163,2
DA:165,2
DA:171,1
DA:172,1
DA:174,1
DA:176,1
DA:178,1
DA:180,1
DA:184,1
DA:185,1
DA:187,1
DA:188,1
DA:190,1
DA:192,1
DA:196,1
DA:197,1
DA:201,1
DA:202,1
LF:67
LH:54
BRDA:106,1,0,0
BRDA:106,1,1,0
BRDA:109,2,0,0
BRDA:109,2,1,0
BRDA:110,3,0,0
BRDA:110,3,1,0
BRDA:129,4,0,1
BRDA:129,4,1,0
BRDA:137,5,0,2
BRDA:137,5,1,0
BRDA:142,6,0,2
BRDA:142,6,1,0
BRDA:144,7,0,2
BRDA:144,7,1,0
BRDA:156,8,0,2
BRDA:156,8,1,0
BRDA:171,9,0,1
BRDA:171,9,1,0
BRDA:172,10,0,1
BRDA:172,10,1,0
BRDA:184,11,0,1
BRDA:184,11,1,0
BRDA:185,12,0,1
BRDA:185,12,1,0
BRDA:196,13,0,1
BRDA:196,13,1,0
BRDA:201,14,0,1
BRDA:201,14,1,0
BRF:28
BRH:11
end_of_record
